<?xml version="1.0" encoding="UTF-8"?>
<!-- Generated by org.testng.reporters.JUnitReportReporter -->
<testsuite hostname="Suvan" failures="0" tests="3" name="testng.SchoolVacancytesting" time="19.150" errors="0" timestamp="2019-12-04T23:20:40 EST" skipped="0">
  <testcase classname="testng.SchoolVacancytesting" name="f" time="1.819"/>
  <testcase classname="testng.SchoolVacancytesting" name="f" time="7.830"/>
  <testcase classname="testng.SchoolVacancytesting" name="f" time="9.501"/>
</testsuite> <!-- testng.SchoolVacancytesting -->
