<?xml version="1.0" encoding="UTF-8"?>
<!-- Generated by org.testng.reporters.JUnitReportReporter -->
<testsuite hostname="Suvan" failures="0" tests="2" name="testNGSample.NewTest" time="0.054" errors="0" timestamp="2020-01-13T11:26:40 EST" skipped="0">
  <testcase classname="testNGSample.NewTest" name="f" time="0.006"/>
  <testcase classname="testNGSample.NewTest" name="a" time="0.048"/>
</testsuite> <!-- testNGSample.NewTest -->
