<?xml version="1.0" encoding="UTF-8"?>
<!-- Generated by org.testng.reporters.JUnitReportReporter -->
<testsuite hostname="Suvan" failures="0" tests="1" name="testng.Newtestdemo" time="0.002" errors="0" timestamp="2019-12-04T01:12:32 EST" skipped="0">
  <testcase classname="testng.Newtestdemo" name="f" time="0.002"/>
</testsuite> <!-- testng.Newtestdemo -->
