<?xml version="1.0" encoding="UTF-8"?>
<!-- Generated by org.testng.reporters.JUnitReportReporter -->
<testsuite hostname="Suvan" failures="0" tests="3" name="testng.Samplesecondclass" time="0.006" errors="0" timestamp="2019-12-04T01:12:32 EST" skipped="1">
  <testcase classname="testng.Samplesecondclass" name="f" time="0.002"/>
  <testcase classname="testng.Samplesecondclass" name="l" time="0.004"/>
  <testcase classname="testng.Samplesecondclass" name="h">
    <skipped/>
  </testcase> <!-- h -->
</testsuite> <!-- testng.Samplesecondclass -->
