<?xml version="1.0" encoding="UTF-8"?>
<!-- Generated by org.testng.reporters.JUnitReportReporter -->
<testsuite hostname="Suvan" failures="0" tests="1" name="testng1.FirstClass1" time="0.018" errors="0" timestamp="2019-11-22T09:23:01 EST" skipped="0">
  <testcase classname="testng1.FirstClass1" name="f" time="0.018"/>
</testsuite> <!-- testng1.FirstClass1 -->
