<?xml version="1.0" encoding="UTF-8"?>
<!-- Generated by org.testng.reporters.JUnitReportReporter -->
<testsuite hostname="Suvan" failures="0" tests="1" name="testng.FirstClass" time="0.022" errors="0" timestamp="2020-01-07T23:38:41 EST" skipped="0">
  <testcase classname="testng.FirstClass" name="f" time="0.022"/>
</testsuite> <!-- testng.FirstClass -->
