<?xml version="1.0" encoding="UTF-8"?>
<!-- Generated by org.testng.reporters.JUnitReportReporter -->
<testsuite hostname="Suvan" failures="0" tests="2" name="testNGSample.NewTest2" time="0.018" errors="0" timestamp="2020-01-14T11:17:10 EST" skipped="0">
  <testcase classname="testNGSample.NewTest2" name="f" time="0.011"/>
  <testcase classname="testNGSample.NewTest2" name="k" time="0.007"/>
</testsuite> <!-- testNGSample.NewTest2 -->
