<?xml version="1.0" encoding="UTF-8"?>
<!-- Generated by org.testng.reporters.JUnitReportReporter -->
<testsuite hostname="Suvan" failures="0" tests="3" name="testng.SecondClass" time="0.004" errors="0" timestamp="2019-12-04T01:12:32 EST" skipped="1">
  <testcase classname="testng.SecondClass" name="m" time="0.001"/>
  <testcase classname="testng.SecondClass" name="f" time="0.003"/>
  <testcase classname="testng.SecondClass" name="a">
    <skipped/>
  </testcase> <!-- a -->
</testsuite> <!-- testng.SecondClass -->
